INFO|2019-08-20 15:31:26,252|pysph.solver.application|Running on Apples-MacBook-Air.local with address Apples-MacBook-Air.local
INFO|2019-08-20 15:31:26,327|pysph.solver.application|Generating output in /Users/apple/notebooks/Notebooks/__main___output
INFO|2019-08-20 15:31:37,220|pysph.solver.application|No of particles:
----------------------------------------------------------------------
  fluid: 5025
----------------------------------------------------------------------
INFO|2019-08-20 15:31:37,221|pysph.solver.application|Using kernel:
----------------------------------------------------------------------
  CubicSpline(dim=2)
----------------------------------------------------------------------
INFO|2019-08-20 15:31:37,221|pysph.solver.application|Using nnps:
----------------------------------------------------------------------
  LinkedListNNPS(dim=2)
----------------------------------------------------------------------
INFO|2019-08-20 15:31:37,221|pysph.solver.application|Using integrator:
----------------------------------------------------------------------
  PECIntegrator(fluid=WCSPHStep())
----------------------------------------------------------------------
INFO|2019-08-20 15:31:37,222|pysph.solver.application|Using equations:
----------------------------------------------------------------------
[
Group(equations=[
TaitEOS(dest='fluid', sources=None, rho0=1.0, c0=1400.0, gamma=7.0, p0=0.0)
    ],
    real=False, update_nnps=False, iterate=False, max_iterations=1, min_iterations=0, pre=None, post=None),
Group(equations=[
ContinuityEquation(dest='fluid', sources=['fluid']),
MomentumEquation(dest='fluid', sources=['fluid'], c0=1400.0, alpha=0.1, beta=0.0, gx=0.0, gy=0.0, gz=0.0, tensile_correction=False),
XSPHCorrection(dest='fluid', sources=['fluid'], eps=0.5)
    ],
    real=True, update_nnps=False, iterate=False, max_iterations=1, min_iterations=0, pre=None, post=None)
]
----------------------------------------------------------------------
INFO|2019-08-20 15:31:37,289|pysph.solver.application|started multiprocessing interface on ('0.0.0.0', 8800)
INFO|2019-08-20 15:31:37,289|pysph.solver.application|Setup took: 16.04295 secs
INFO|2019-08-20 15:31:37,291|pysph.solver.solver|Writing output at time 0, iteration 0, dt = 5e-06
INFO|2019-08-20 15:31:38,443|pysph.solver.solver|Writing output at time 0.0005, iteration 100, dt = 5e-06
INFO|2019-08-20 15:31:39,565|pysph.solver.solver|Writing output at time 0.001, iteration 200, dt = 5e-06
INFO|2019-08-20 15:31:40,695|pysph.solver.solver|Writing output at time 0.0015, iteration 300, dt = 5e-06
INFO|2019-08-20 15:31:41,885|pysph.solver.solver|Writing output at time 0.002, iteration 400, dt = 5e-06
INFO|2019-08-20 15:31:43,005|pysph.solver.solver|Writing output at time 0.0025, iteration 500, dt = 5e-06
INFO|2019-08-20 15:31:44,051|pysph.solver.solver|Writing output at time 0.003, iteration 600, dt = 5e-06
INFO|2019-08-20 15:31:45,164|pysph.solver.solver|Writing output at time 0.0035, iteration 700, dt = 5e-06
INFO|2019-08-20 15:31:46,282|pysph.solver.solver|Writing output at time 0.004, iteration 800, dt = 5e-06
INFO|2019-08-20 15:31:47,393|pysph.solver.solver|Writing output at time 0.0045, iteration 900, dt = 5e-06
INFO|2019-08-20 15:31:48,492|pysph.solver.solver|Writing output at time 0.005, iteration 1000, dt = 5e-06
INFO|2019-08-20 15:31:49,626|pysph.solver.solver|Writing output at time 0.0055, iteration 1100, dt = 5e-06
INFO|2019-08-20 15:31:50,733|pysph.solver.solver|Writing output at time 0.006, iteration 1200, dt = 5e-06
INFO|2019-08-20 15:31:51,900|pysph.solver.solver|Writing output at time 0.0065, iteration 1300, dt = 5e-06
INFO|2019-08-20 15:31:53,132|pysph.solver.solver|Writing output at time 0.007, iteration 1400, dt = 5e-06
INFO|2019-08-20 15:31:54,298|pysph.solver.solver|Writing output at time 0.0075, iteration 1500, dt = 5e-06
INFO|2019-08-20 15:31:54,550|pysph.solver.solver|Writing output at time 0.0076, iteration 1520, dt = 5e-06
INFO|2019-08-20 15:31:54,562|pysph.solver.application|Run took: 17.27203 secs
INFO|2019-08-21 11:13:36,131|pysph.solver.application|Running on Apples-MacBook-Air.local with address Apples-MacBook-Air.local
INFO|2019-08-21 11:13:36,179|pysph.solver.application|Generating output in /Users/apple/notebooks/Notebooks/__main___output
INFO|2019-08-21 11:13:36,299|pysph.solver.application|No of particles:
----------------------------------------------------------------------
  fluid: 5025
----------------------------------------------------------------------
INFO|2019-08-21 11:13:36,300|pysph.solver.application|Using kernel:
----------------------------------------------------------------------
  Gaussian(dim=2)
----------------------------------------------------------------------
INFO|2019-08-21 11:13:36,300|pysph.solver.application|Using nnps:
----------------------------------------------------------------------
  LinkedListNNPS(dim=2)
----------------------------------------------------------------------
INFO|2019-08-21 11:13:36,300|pysph.solver.application|Using integrator:
----------------------------------------------------------------------
  EPECIntegrator(fluid=WCSPHStep())
----------------------------------------------------------------------
INFO|2019-08-21 11:13:36,301|pysph.solver.application|Using equations:
----------------------------------------------------------------------
[
Group(equations=[
TaitEOS(dest='fluid', sources=None, rho0=1.0, c0=1400.0, gamma=7.0, p0=0.0)
    ],
    real=False, update_nnps=False, iterate=False, max_iterations=1, min_iterations=0, pre=None, post=None),
Group(equations=[
ContinuityEquation(dest='fluid', sources=['fluid']),
MomentumEquation(dest='fluid', sources=['fluid'], c0=1400.0, alpha=0.1, beta=0.0, gx=0.0, gy=0.0, gz=0.0, tensile_correction=False),
XSPHCorrection(dest='fluid', sources=['fluid'], eps=0.5)
    ],
    real=True, update_nnps=False, iterate=False, max_iterations=1, min_iterations=0, pre=None, post=None)
]
----------------------------------------------------------------------
INFO|2019-08-21 11:13:36,382|pysph.solver.application|started multiprocessing interface on ('0.0.0.0', 8800)
INFO|2019-08-21 11:13:36,382|pysph.solver.application|Setup took: 5.25831 secs
INFO|2019-08-21 11:13:36,385|pysph.solver.solver|Writing output at time 0, iteration 0, dt = 5e-06
INFO|2019-08-21 11:13:40,597|pysph.solver.solver|Writing output at time 8.7331e-05, iteration 100, dt = 1.15496e-06
INFO|2019-08-21 11:13:44,692|pysph.solver.solver|Writing output at time 0.000202853, iteration 200, dt = 1.15611e-06
INFO|2019-08-21 11:13:49,086|pysph.solver.solver|Writing output at time 0.000318439, iteration 300, dt = 1.15561e-06
INFO|2019-08-21 11:13:53,523|pysph.solver.solver|Writing output at time 0.000434035, iteration 400, dt = 1.15571e-06
INFO|2019-08-21 11:13:57,829|pysph.solver.solver|Writing output at time 0.000549598, iteration 500, dt = 1.15588e-06
INFO|2019-08-21 11:14:02,432|pysph.solver.solver|Writing output at time 0.000665176, iteration 600, dt = 1.15575e-06
INFO|2019-08-21 11:14:07,384|pysph.solver.solver|Writing output at time 0.000780758, iteration 700, dt = 1.15566e-06
INFO|2019-08-21 11:14:08,253|pysph.solver.solver|Writing output at time 0.0008, iteration 717, dt = 1.1556e-06
INFO|2019-08-21 11:14:20,758|pysph.solver.application|Running on Apples-MacBook-Air.local with address Apples-MacBook-Air.local
INFO|2019-08-21 11:14:20,792|pysph.solver.application|Generating output in /Users/apple/notebooks/Notebooks/__main___output
INFO|2019-08-21 11:14:20,887|pysph.solver.application|No of particles:
----------------------------------------------------------------------
  fluid: 5025
----------------------------------------------------------------------
INFO|2019-08-21 11:14:20,887|pysph.solver.application|Using kernel:
----------------------------------------------------------------------
  CubicSpline(dim=2)
----------------------------------------------------------------------
INFO|2019-08-21 11:14:20,888|pysph.solver.application|Using nnps:
----------------------------------------------------------------------
  LinkedListNNPS(dim=2)
----------------------------------------------------------------------
INFO|2019-08-21 11:14:20,888|pysph.solver.application|Using integrator:
----------------------------------------------------------------------
  PECIntegrator(fluid=WCSPHStep())
----------------------------------------------------------------------
INFO|2019-08-21 11:14:20,889|pysph.solver.application|Using equations:
----------------------------------------------------------------------
[
Group(equations=[
TaitEOS(dest='fluid', sources=None, rho0=1.0, c0=1400.0, gamma=7.0, p0=0.0)
    ],
    real=False, update_nnps=False, iterate=False, max_iterations=1, min_iterations=0, pre=None, post=None),
Group(equations=[
ContinuityEquation(dest='fluid', sources=['fluid']),
MomentumEquation(dest='fluid', sources=['fluid'], c0=1400.0, alpha=0.1, beta=0.0, gx=0.0, gy=0.0, gz=0.0, tensile_correction=False),
XSPHCorrection(dest='fluid', sources=['fluid'], eps=0.5)
    ],
    real=True, update_nnps=False, iterate=False, max_iterations=1, min_iterations=0, pre=None, post=None)
]
----------------------------------------------------------------------
INFO|2019-08-21 11:14:20,910|pysph.solver.application|started multiprocessing interface on ('0.0.0.0', 8800)
INFO|2019-08-21 11:14:20,910|pysph.solver.application|Setup took: 5.15971 secs
INFO|2019-08-21 11:14:20,913|pysph.solver.solver|Writing output at time 0, iteration 0, dt = 5e-06
INFO|2019-08-21 11:14:21,986|pysph.solver.solver|Writing output at time 0.0005, iteration 100, dt = 5e-06
INFO|2019-08-21 11:14:23,027|pysph.solver.solver|Writing output at time 0.001, iteration 200, dt = 5e-06
INFO|2019-08-21 11:14:24,068|pysph.solver.solver|Writing output at time 0.0015, iteration 300, dt = 5e-06
INFO|2019-08-21 11:14:25,165|pysph.solver.solver|Writing output at time 0.002, iteration 400, dt = 5e-06
INFO|2019-08-21 11:14:26,198|pysph.solver.solver|Writing output at time 0.0025, iteration 500, dt = 5e-06
INFO|2019-08-21 11:14:27,170|pysph.solver.solver|Writing output at time 0.003, iteration 600, dt = 5e-06
INFO|2019-08-21 11:14:28,200|pysph.solver.solver|Writing output at time 0.0035, iteration 700, dt = 5e-06
INFO|2019-08-21 11:14:29,243|pysph.solver.solver|Writing output at time 0.004, iteration 800, dt = 5e-06
INFO|2019-08-21 11:14:30,368|pysph.solver.solver|Writing output at time 0.0045, iteration 900, dt = 5e-06
INFO|2019-08-21 11:17:49,057|pysph.solver.application|Running on Apples-MacBook-Air.local with address Apples-MacBook-Air.local
INFO|2019-08-21 11:17:49,062|pysph.solver.application|Generating output in /Users/apple/notebooks/Notebooks/__main___output
INFO|2019-08-21 11:17:49,143|pysph.solver.application|No of particles:
----------------------------------------------------------------------
  fluid: 5025
----------------------------------------------------------------------
INFO|2019-08-21 11:17:49,143|pysph.solver.application|Using kernel:
----------------------------------------------------------------------
  Gaussian(dim=2)
----------------------------------------------------------------------
INFO|2019-08-21 11:17:49,143|pysph.solver.application|Using nnps:
----------------------------------------------------------------------
  LinkedListNNPS(dim=2)
----------------------------------------------------------------------
INFO|2019-08-21 11:17:49,143|pysph.solver.application|Using integrator:
----------------------------------------------------------------------
  EPECIntegrator(fluid=WCSPHStep())
----------------------------------------------------------------------
INFO|2019-08-21 11:17:49,144|pysph.solver.application|Using equations:
----------------------------------------------------------------------
[
Group(equations=[
TaitEOS(dest='fluid', sources=None, rho0=1.0, c0=1400.0, gamma=7.0, p0=0.0)
    ],
    real=False, update_nnps=False, iterate=False, max_iterations=1, min_iterations=0, pre=None, post=None),
Group(equations=[
ContinuityEquation(dest='fluid', sources=['fluid']),
MomentumEquation(dest='fluid', sources=['fluid'], c0=1400.0, alpha=0.1, beta=0.0, gx=0.0, gy=0.0, gz=0.0, tensile_correction=False),
XSPHCorrection(dest='fluid', sources=['fluid'], eps=0.5)
    ],
    real=True, update_nnps=False, iterate=False, max_iterations=1, min_iterations=0, pre=None, post=None)
]
----------------------------------------------------------------------
INFO|2019-08-21 11:17:49,144|pysph.solver.application|started multiprocessing interface on ('0.0.0.0', 8800)
INFO|2019-08-21 11:17:49,145|pysph.solver.application|Setup took: 5.09443 secs
INFO|2019-08-21 11:17:49,147|pysph.solver.solver|Writing output at time 0, iteration 0, dt = 5e-06
INFO|2019-08-21 11:17:53,245|pysph.solver.solver|Writing output at time 8.7331e-05, iteration 100, dt = 1.15496e-06
INFO|2019-08-21 11:17:57,399|pysph.solver.solver|Writing output at time 0.000202853, iteration 200, dt = 1.15611e-06
INFO|2019-08-21 11:18:19,723|pysph.solver.application|Running on Apples-MacBook-Air.local with address Apples-MacBook-Air.local
INFO|2019-08-21 11:18:19,730|pysph.solver.application|Generating output in /Users/apple/notebooks/Notebooks/__main___output
INFO|2019-08-21 11:18:19,834|pysph.solver.application|No of particles:
----------------------------------------------------------------------
  fluid: 5025
----------------------------------------------------------------------
INFO|2019-08-21 11:18:19,834|pysph.solver.application|Using kernel:
----------------------------------------------------------------------
  Gaussian(dim=2)
----------------------------------------------------------------------
INFO|2019-08-21 11:18:19,835|pysph.solver.application|Using nnps:
----------------------------------------------------------------------
  LinkedListNNPS(dim=2)
----------------------------------------------------------------------
INFO|2019-08-21 11:18:19,835|pysph.solver.application|Using integrator:
----------------------------------------------------------------------
  EPECIntegrator(fluid=WCSPHStep())
----------------------------------------------------------------------
INFO|2019-08-21 11:18:19,835|pysph.solver.application|Using equations:
----------------------------------------------------------------------
[
Group(equations=[
TaitEOS(dest='fluid', sources=None, rho0=1.0, c0=1400.0, gamma=7.0, p0=0.0)
    ],
    real=False, update_nnps=False, iterate=False, max_iterations=1, min_iterations=0, pre=None, post=None),
Group(equations=[
ContinuityEquation(dest='fluid', sources=['fluid']),
MomentumEquation(dest='fluid', sources=['fluid'], c0=1400.0, alpha=0.1, beta=0.0, gx=0.0, gy=0.0, gz=0.0, tensile_correction=False),
XSPHCorrection(dest='fluid', sources=['fluid'], eps=0.5)
    ],
    real=True, update_nnps=False, iterate=False, max_iterations=1, min_iterations=0, pre=None, post=None)
]
----------------------------------------------------------------------
INFO|2019-08-21 11:18:19,836|pysph.solver.application|started multiprocessing interface on ('0.0.0.0', 8800)
INFO|2019-08-21 11:18:19,836|pysph.solver.application|Setup took: 5.11499 secs
INFO|2019-08-21 11:18:19,839|pysph.solver.solver|Writing output at time 0, iteration 0, dt = 5e-06
INFO|2019-08-21 11:18:24,400|pysph.solver.solver|Writing output at time 0.000523596, iteration 100, dt = 6.93453e-06
INFO|2019-08-21 11:18:26,315|pysph.solver.solver|Writing output at time 0.0008, iteration 140, dt = 6.93348e-06
INFO|2019-08-21 11:18:29,314|pysph.solver.solver|Writing output at time 0.001216, iteration 200, dt = 6.93299e-06
INFO|2019-08-21 11:18:50,083|pysph.solver.application|Running on Apples-MacBook-Air.local with address Apples-MacBook-Air.local
INFO|2019-08-21 11:18:50,090|pysph.solver.application|Generating output in /Users/apple/notebooks/Notebooks/__main___output
INFO|2019-08-21 11:18:50,169|pysph.solver.application|No of particles:
----------------------------------------------------------------------
  fluid: 5025
----------------------------------------------------------------------
INFO|2019-08-21 11:18:50,169|pysph.solver.application|Using kernel:
----------------------------------------------------------------------
  Gaussian(dim=2)
----------------------------------------------------------------------
INFO|2019-08-21 11:18:50,169|pysph.solver.application|Using nnps:
----------------------------------------------------------------------
  LinkedListNNPS(dim=2)
----------------------------------------------------------------------
INFO|2019-08-21 11:18:50,169|pysph.solver.application|Using integrator:
----------------------------------------------------------------------
  EPECIntegrator(fluid=WCSPHStep())
----------------------------------------------------------------------
INFO|2019-08-21 11:18:50,170|pysph.solver.application|Using equations:
----------------------------------------------------------------------
[
Group(equations=[
TaitEOS(dest='fluid', sources=None, rho0=1.0, c0=1400.0, gamma=7.0, p0=0.0)
    ],
    real=False, update_nnps=False, iterate=False, max_iterations=1, min_iterations=0, pre=None, post=None),
Group(equations=[
ContinuityEquation(dest='fluid', sources=['fluid']),
MomentumEquation(dest='fluid', sources=['fluid'], c0=1400.0, alpha=0.1, beta=0.0, gx=0.0, gy=0.0, gz=0.0, tensile_correction=False),
XSPHCorrection(dest='fluid', sources=['fluid'], eps=0.5)
    ],
    real=True, update_nnps=False, iterate=False, max_iterations=1, min_iterations=0, pre=None, post=None)
]
----------------------------------------------------------------------
INFO|2019-08-21 11:18:50,170|pysph.solver.application|started multiprocessing interface on ('0.0.0.0', 8800)
INFO|2019-08-21 11:18:50,171|pysph.solver.application|Setup took: 5.09098 secs
INFO|2019-08-21 11:18:50,173|pysph.solver.solver|Writing output at time 0, iteration 0, dt = 5e-06
INFO|2019-08-21 11:18:54,593|pysph.solver.solver|Writing output at time 0.000523596, iteration 100, dt = 6.93453e-06
INFO|2019-08-21 11:18:56,556|pysph.solver.solver|Writing output at time 0.0008, iteration 140, dt = 6.93348e-06
INFO|2019-08-21 11:18:59,515|pysph.solver.solver|Writing output at time 0.001216, iteration 200, dt = 6.93299e-06
INFO|2019-08-21 11:19:04,363|pysph.solver.solver|Writing output at time 0.00190907, iteration 300, dt = 6.92937e-06
INFO|2019-08-21 11:19:08,954|pysph.solver.solver|Writing output at time 0.00260177, iteration 400, dt = 6.92499e-06
INFO|2019-08-21 11:19:13,239|pysph.solver.solver|Writing output at time 0.00329374, iteration 500, dt = 6.91619e-06
INFO|2019-08-21 11:19:16,665|pysph.solver.solver|Writing output at time 0.0038, iteration 574, dt = 6.91796e-06
INFO|2019-08-21 11:19:17,875|pysph.solver.solver|Writing output at time 0.00397988, iteration 600, dt = 6.92047e-06
INFO|2019-08-21 11:19:22,514|pysph.solver.solver|Writing output at time 0.00467166, iteration 700, dt = 6.91474e-06
INFO|2019-08-21 11:19:27,481|pysph.solver.solver|Writing output at time 0.00536285, iteration 800, dt = 6.91259e-06
INFO|2019-08-21 11:19:32,308|pysph.solver.solver|Writing output at time 0.00605464, iteration 900, dt = 6.91394e-06
INFO|2019-08-21 11:19:37,029|pysph.solver.solver|Writing output at time 0.00674579, iteration 1000, dt = 6.91859e-06
INFO|2019-08-21 11:19:41,842|pysph.solver.solver|Writing output at time 0.0074376, iteration 1100, dt = 6.91118e-06
INFO|2019-08-21 11:19:43,002|pysph.solver.solver|Writing output at time 0.0076, iteration 1124, dt = 3.44689e-06
INFO|2019-08-21 11:19:43,014|pysph.solver.application|Run took: 52.84226 secs
INFO|2019-08-21 11:23:56,836|pysph.solver.application|Running on Apples-MacBook-Air.local with address Apples-MacBook-Air.local
INFO|2019-08-21 11:23:56,844|pysph.solver.application|Generating output in /Users/apple/notebooks/Notebooks/__main___output
INFO|2019-08-21 11:23:56,937|pysph.solver.application|No of particles:
----------------------------------------------------------------------
  fluid: 5025
----------------------------------------------------------------------
INFO|2019-08-21 11:23:56,937|pysph.solver.application|Using kernel:
----------------------------------------------------------------------
  Gaussian(dim=2)
----------------------------------------------------------------------
INFO|2019-08-21 11:23:56,937|pysph.solver.application|Using nnps:
----------------------------------------------------------------------
  LinkedListNNPS(dim=2)
----------------------------------------------------------------------
INFO|2019-08-21 11:23:56,938|pysph.solver.application|Using integrator:
----------------------------------------------------------------------
  EPECIntegrator(fluid=WCSPHStep())
----------------------------------------------------------------------
INFO|2019-08-21 11:23:56,938|pysph.solver.application|Using equations:
----------------------------------------------------------------------
[
Group(equations=[
TaitEOS(dest='fluid', sources=None, rho0=1.0, c0=1400.0, gamma=7.0, p0=0.0)
    ],
    real=False, update_nnps=False, iterate=False, max_iterations=1, min_iterations=0, pre=None, post=None),
Group(equations=[
ContinuityEquation(dest='fluid', sources=['fluid']),
MomentumEquation(dest='fluid', sources=['fluid'], c0=1400.0, alpha=0.1, beta=0.0, gx=0.0, gy=0.0, gz=0.0, tensile_correction=False),
XSPHCorrection(dest='fluid', sources=['fluid'], eps=0.5)
    ],
    real=True, update_nnps=False, iterate=False, max_iterations=1, min_iterations=0, pre=None, post=None)
]
----------------------------------------------------------------------
INFO|2019-08-21 11:23:56,959|pysph.solver.application|started multiprocessing interface on ('0.0.0.0', 8800)
INFO|2019-08-21 11:23:56,959|pysph.solver.application|Setup took: 5.12935 secs
INFO|2019-08-21 11:23:56,961|pysph.solver.solver|Writing output at time 0, iteration 0, dt = 5e-06
INFO|2019-08-21 11:24:01,317|pysph.solver.solver|Writing output at time 0.000523596, iteration 100, dt = 6.93453e-06
INFO|2019-08-21 11:24:03,235|pysph.solver.solver|Writing output at time 0.0008, iteration 140, dt = 6.93348e-06
INFO|2019-08-21 11:24:06,218|pysph.solver.solver|Writing output at time 0.001216, iteration 200, dt = 6.93299e-06
INFO|2019-08-21 11:24:11,095|pysph.solver.solver|Writing output at time 0.00190907, iteration 300, dt = 6.92937e-06
INFO|2019-08-21 11:24:15,636|pysph.solver.solver|Writing output at time 0.00260177, iteration 400, dt = 6.92499e-06
INFO|2019-08-21 11:24:19,927|pysph.solver.solver|Writing output at time 0.00329374, iteration 500, dt = 6.91619e-06
INFO|2019-08-21 11:24:23,285|pysph.solver.solver|Writing output at time 0.0038, iteration 574, dt = 6.91796e-06
INFO|2019-08-21 11:24:24,469|pysph.solver.solver|Writing output at time 0.00397988, iteration 600, dt = 6.92047e-06
INFO|2019-08-21 11:24:29,023|pysph.solver.solver|Writing output at time 0.00467166, iteration 700, dt = 6.91474e-06
INFO|2019-08-21 11:24:33,850|pysph.solver.solver|Writing output at time 0.00536285, iteration 800, dt = 6.91259e-06
INFO|2019-08-21 11:24:38,612|pysph.solver.solver|Writing output at time 0.00605464, iteration 900, dt = 6.91394e-06
INFO|2019-08-21 11:24:43,530|pysph.solver.solver|Writing output at time 0.00674579, iteration 1000, dt = 6.91859e-06
INFO|2019-08-21 11:24:48,231|pysph.solver.solver|Writing output at time 0.0074376, iteration 1100, dt = 6.91118e-06
INFO|2019-08-21 11:24:49,304|pysph.solver.solver|Writing output at time 0.0076, iteration 1124, dt = 3.44689e-06
INFO|2019-08-21 11:24:49,313|pysph.solver.application|Run took: 52.35299 secs
INFO|2019-08-21 11:29:34,948|pysph.solver.application|Running on Apples-MacBook-Air.local with address Apples-MacBook-Air.local
INFO|2019-08-21 11:29:34,955|pysph.solver.application|Generating output in /Users/apple/notebooks/Notebooks/__main___output
INFO|2019-08-21 11:29:35,037|pysph.solver.application|No of particles:
----------------------------------------------------------------------
  fluid: 5025
----------------------------------------------------------------------
INFO|2019-08-21 11:29:35,037|pysph.solver.application|Using kernel:
----------------------------------------------------------------------
  Gaussian(dim=2)
----------------------------------------------------------------------
INFO|2019-08-21 11:29:35,038|pysph.solver.application|Using nnps:
----------------------------------------------------------------------
  LinkedListNNPS(dim=2)
----------------------------------------------------------------------
INFO|2019-08-21 11:29:35,038|pysph.solver.application|Using integrator:
----------------------------------------------------------------------
  EPECIntegrator(fluid=WCSPHStep())
----------------------------------------------------------------------
INFO|2019-08-21 11:29:35,038|pysph.solver.application|Using equations:
----------------------------------------------------------------------
[
Group(equations=[
TaitEOS(dest='fluid', sources=None, rho0=1.0, c0=1400.0, gamma=7.0, p0=0.0)
    ],
    real=False, update_nnps=False, iterate=False, max_iterations=1, min_iterations=0, pre=None, post=None),
Group(equations=[
ContinuityEquation(dest='fluid', sources=['fluid']),
MomentumEquation(dest='fluid', sources=['fluid'], c0=1400.0, alpha=0.1, beta=0.0, gx=0.0, gy=0.0, gz=0.0, tensile_correction=False),
XSPHCorrection(dest='fluid', sources=['fluid'], eps=0.5)
    ],
    real=True, update_nnps=False, iterate=False, max_iterations=1, min_iterations=0, pre=None, post=None)
]
----------------------------------------------------------------------
INFO|2019-08-21 11:29:35,039|pysph.solver.application|started multiprocessing interface on ('0.0.0.0', 8800)
INFO|2019-08-21 11:29:35,039|pysph.solver.application|Setup took: 5.09675 secs
INFO|2019-08-21 11:29:35,042|pysph.solver.solver|Writing output at time 0, iteration 0, dt = 5e-06
INFO|2019-08-21 11:29:39,429|pysph.solver.solver|Writing output at time 0.000523596, iteration 100, dt = 6.93453e-06
INFO|2019-08-21 11:29:41,483|pysph.solver.solver|Writing output at time 0.0008, iteration 140, dt = 6.93348e-06
INFO|2019-08-21 11:29:44,574|pysph.solver.solver|Writing output at time 0.001216, iteration 200, dt = 6.93299e-06
INFO|2019-08-21 11:29:49,373|pysph.solver.solver|Writing output at time 0.00190907, iteration 300, dt = 6.92937e-06
INFO|2019-08-21 11:29:53,930|pysph.solver.solver|Writing output at time 0.00260177, iteration 400, dt = 6.92499e-06
INFO|2019-08-21 11:29:58,212|pysph.solver.solver|Writing output at time 0.00329374, iteration 500, dt = 6.91619e-06
INFO|2019-08-21 11:30:01,563|pysph.solver.solver|Writing output at time 0.0038, iteration 574, dt = 6.91796e-06
INFO|2019-08-21 11:30:02,739|pysph.solver.solver|Writing output at time 0.00397988, iteration 600, dt = 6.92047e-06
INFO|2019-08-21 11:30:07,335|pysph.solver.solver|Writing output at time 0.00467166, iteration 700, dt = 6.91474e-06
INFO|2019-08-21 11:30:12,099|pysph.solver.solver|Writing output at time 0.00536285, iteration 800, dt = 6.91259e-06
INFO|2019-08-21 11:30:17,035|pysph.solver.solver|Writing output at time 0.00605464, iteration 900, dt = 6.91394e-06
INFO|2019-08-21 11:30:21,755|pysph.solver.solver|Writing output at time 0.00674579, iteration 1000, dt = 6.91859e-06
INFO|2019-08-21 11:30:26,556|pysph.solver.solver|Writing output at time 0.0074376, iteration 1100, dt = 6.91118e-06
INFO|2019-08-21 11:30:27,625|pysph.solver.solver|Writing output at time 0.0076, iteration 1124, dt = 3.44689e-06
INFO|2019-08-21 11:30:27,635|pysph.solver.application|Run took: 52.59524 secs
