INFO|2019-09-28 03:55:14,100|pysph.solver.application|Running on Apples-MacBook-Air.local with address Apples-MacBook-Air.local
INFO|2019-09-28 03:55:14,129|pysph.solver.application|Generating output in /Users/apple/notebooks/Notebooks/pysph_sims/dam_break_output
INFO|2019-09-28 03:55:14,134|pysph.solver.solver|Using equations:
----------------------------------------------------------------------
[
Group(equations=[
TaitEOS(dest='fluid', sources=None, rho0=1000.0, c0=63.24555320336759, gamma=7.0, p0=0.0),
TaitEOSHGCorrection(dest='solid', sources=None, rho0=1000.0, c0=63.24555320336759, gamma=7.0)
    ],
    real=False, update_nnps=False, iterate=False, max_iterations=1, min_iterations=0, pre=None, post=None),
Group(equations=[
ContinuityEquation(dest='solid', sources=['fluid']),
ContinuityEquation(dest='fluid', sources=['fluid', 'solid']),
MomentumEquation(dest='fluid', sources=['fluid', 'solid'], c0=63.24555320336759, alpha=0.1, beta=0.0, gx=0.0, gy=-9.81, gz=0.0, tensile_correction=False),
XSPHCorrection(dest='fluid', sources=['fluid'], eps=0.5)
    ],
    real=True, update_nnps=False, iterate=False, max_iterations=1, min_iterations=0, pre=None, post=None),
Group(equations=[
UpdateSmoothingLengthFerrari(dest='fluid', sources=None, hdx=1.3)
    ],
    real=False, update_nnps=False, iterate=False, max_iterations=1, min_iterations=0, pre=None, post=None)
]
----------------------------------------------------------------------
INFO|2019-09-28 03:55:14,135|pysph.solver.solver|Using integrator:
----------------------------------------------------------------------
  PECIntegrator(solid=WCSPHStep(), fluid=WCSPHStep())
----------------------------------------------------------------------
INFO|2019-09-28 03:55:14,323|pysph.solver.application|started multiprocessing interface on ('0.0.0.0', 8800)
INFO|2019-09-28 03:55:14,323|pysph.solver.application|Setup took: 5.23032 secs
INFO|2019-09-28 03:55:14,325|pysph.solver.solver|Writing output at time 0, iteration 0, dt = 0.000644841
INFO|2019-09-28 03:55:15,009|pysph.solver.solver|Writing output at time 0.00595476, iteration 100, dt = 0.000117827
INFO|2019-09-28 03:55:15,440|pysph.solver.solver|Writing output at time 0.014911, iteration 200, dt = 0.000118485
INFO|2019-09-28 03:55:15,870|pysph.solver.solver|Writing output at time 0.0239317, iteration 300, dt = 0.000101232
INFO|2019-09-28 03:55:16,262|pysph.solver.solver|Writing output at time 0.032243, iteration 400, dt = 7.3114e-05
INFO|2019-09-28 03:55:16,702|pysph.solver.solver|Writing output at time 0.0409948, iteration 500, dt = 2.47747e-05
INFO|2019-09-28 03:55:17,078|pysph.solver.solver|Writing output at time 0.0492181, iteration 600, dt = 2.66106e-05
INFO|2019-09-28 03:55:17,496|pysph.solver.solver|Writing output at time 0.0552369, iteration 700, dt = 0.00010504
INFO|2019-09-28 03:55:17,899|pysph.solver.solver|Writing output at time 0.0670033, iteration 800, dt = 0.000124157
INFO|2019-09-28 03:55:18,351|pysph.solver.solver|Writing output at time 0.0802046, iteration 900, dt = 0.000136508
INFO|2019-09-28 03:55:18,883|pysph.solver.solver|Writing output at time 0.0932506, iteration 1000, dt = 0.000139383
INFO|2019-09-28 03:55:19,259|pysph.solver.solver|Writing output at time 0.10597, iteration 1100, dt = 0.000138065
INFO|2019-09-28 03:55:19,630|pysph.solver.solver|Writing output at time 0.120028, iteration 1200, dt = 0.000132859
INFO|2019-09-28 03:55:19,989|pysph.solver.solver|Writing output at time 0.129097, iteration 1300, dt = 0.000114199
INFO|2019-09-28 03:55:20,363|pysph.solver.solver|Writing output at time 0.142923, iteration 1400, dt = 0.000138757
INFO|2019-09-28 03:55:20,748|pysph.solver.solver|Writing output at time 0.156832, iteration 1500, dt = 0.000120316
INFO|2019-09-28 03:55:21,202|pysph.solver.solver|Writing output at time 0.167418, iteration 1600, dt = 8.62176e-05
INFO|2019-09-28 03:55:21,628|pysph.solver.solver|Writing output at time 0.178153, iteration 1700, dt = 0.000139731
INFO|2019-09-28 03:55:22,018|pysph.solver.solver|Writing output at time 0.188396, iteration 1800, dt = 0.000116263
INFO|2019-09-28 03:55:22,427|pysph.solver.solver|Writing output at time 0.200037, iteration 1900, dt = 0.000132073
INFO|2019-09-28 03:55:22,828|pysph.solver.solver|Writing output at time 0.211017, iteration 2000, dt = 0.000113452
INFO|2019-09-28 03:55:23,219|pysph.solver.solver|Writing output at time 0.221785, iteration 2100, dt = 0.000132424
INFO|2019-09-28 03:55:23,610|pysph.solver.solver|Writing output at time 0.231863, iteration 2200, dt = 0.000106931
INFO|2019-09-28 03:55:23,998|pysph.solver.solver|Writing output at time 0.241959, iteration 2300, dt = 0.000141494
INFO|2019-09-28 03:55:24,362|pysph.solver.solver|Writing output at time 0.252688, iteration 2400, dt = 9.71231e-05
INFO|2019-09-28 03:55:24,716|pysph.solver.solver|Writing output at time 0.26285, iteration 2500, dt = 0.000120985
INFO|2019-09-28 03:55:25,076|pysph.solver.solver|Writing output at time 0.273913, iteration 2600, dt = 0.000115763
INFO|2019-09-28 03:55:25,439|pysph.solver.solver|Writing output at time 0.282936, iteration 2700, dt = 8.37065e-05
INFO|2019-09-28 03:55:25,826|pysph.solver.solver|Writing output at time 0.294616, iteration 2800, dt = 0.000119878
INFO|2019-09-28 03:55:26,229|pysph.solver.solver|Writing output at time 0.306664, iteration 2900, dt = 0.000136106
INFO|2019-09-28 03:55:26,593|pysph.solver.solver|Writing output at time 0.318514, iteration 3000, dt = 0.000137733
INFO|2019-09-28 03:55:26,986|pysph.solver.solver|Writing output at time 0.331468, iteration 3100, dt = 0.000139518
INFO|2019-09-28 03:55:27,350|pysph.solver.solver|Writing output at time 0.341621, iteration 3200, dt = 0.000135793
INFO|2019-09-28 03:55:27,738|pysph.solver.solver|Writing output at time 0.354612, iteration 3300, dt = 0.000134633
INFO|2019-09-28 03:55:28,111|pysph.solver.solver|Writing output at time 0.367281, iteration 3400, dt = 0.00012138
INFO|2019-09-28 03:55:28,476|pysph.solver.solver|Writing output at time 0.38086, iteration 3500, dt = 0.000138548
INFO|2019-09-28 03:55:28,843|pysph.solver.solver|Writing output at time 0.394852, iteration 3600, dt = 0.000141771
INFO|2019-09-28 03:55:29,215|pysph.solver.solver|Writing output at time 0.408637, iteration 3700, dt = 0.000139342
INFO|2019-09-28 03:55:29,662|pysph.solver.solver|Writing output at time 0.422632, iteration 3800, dt = 0.000145243
INFO|2019-09-28 03:55:30,072|pysph.solver.solver|Writing output at time 0.436766, iteration 3900, dt = 0.00014486
INFO|2019-09-28 03:55:30,493|pysph.solver.solver|Writing output at time 0.451008, iteration 4000, dt = 0.000139699
INFO|2019-09-28 03:55:30,952|pysph.solver.solver|Writing output at time 0.465371, iteration 4100, dt = 0.000144476
INFO|2019-09-28 03:55:31,374|pysph.solver.solver|Writing output at time 0.479931, iteration 4200, dt = 0.000145445
INFO|2019-09-28 03:55:31,897|pysph.solver.solver|Writing output at time 0.494614, iteration 4300, dt = 0.000145172
INFO|2019-09-28 03:55:32,357|pysph.solver.solver|Writing output at time 0.509079, iteration 4400, dt = 0.000145183
INFO|2019-09-28 03:55:32,847|pysph.solver.solver|Writing output at time 0.522829, iteration 4500, dt = 0.000132634
INFO|2019-09-28 03:55:33,262|pysph.solver.solver|Writing output at time 0.536909, iteration 4600, dt = 0.000144449
INFO|2019-09-28 03:55:33,756|pysph.solver.solver|Writing output at time 0.551032, iteration 4700, dt = 0.00013568
INFO|2019-09-28 03:55:34,147|pysph.solver.solver|Writing output at time 0.56456, iteration 4800, dt = 0.000137173
INFO|2019-09-28 03:55:34,521|pysph.solver.solver|Writing output at time 0.578409, iteration 4900, dt = 0.000131314
INFO|2019-09-28 03:55:34,887|pysph.solver.solver|Writing output at time 0.591336, iteration 5000, dt = 0.000143817
INFO|2019-09-28 03:55:35,279|pysph.solver.solver|Writing output at time 0.605485, iteration 5100, dt = 0.000136286
INFO|2019-09-28 03:55:35,652|pysph.solver.solver|Writing output at time 0.619598, iteration 5200, dt = 0.000145149
INFO|2019-09-28 03:55:36,023|pysph.solver.solver|Writing output at time 0.634384, iteration 5300, dt = 0.000142254
INFO|2019-09-28 03:55:36,464|pysph.solver.solver|Writing output at time 0.648677, iteration 5400, dt = 0.000142952
INFO|2019-09-28 03:55:36,896|pysph.solver.solver|Writing output at time 0.659319, iteration 5500, dt = 0.000121687
INFO|2019-09-28 03:55:37,370|pysph.solver.solver|Writing output at time 0.673775, iteration 5600, dt = 0.000148079
INFO|2019-09-28 03:55:37,926|pysph.solver.solver|Writing output at time 0.687507, iteration 5700, dt = 0.000147816
INFO|2019-09-28 03:55:38,360|pysph.solver.solver|Writing output at time 0.702138, iteration 5800, dt = 0.000143129
INFO|2019-09-28 03:55:38,787|pysph.solver.solver|Writing output at time 0.715655, iteration 5900, dt = 0.000134753
INFO|2019-09-28 03:55:39,182|pysph.solver.solver|Writing output at time 0.729016, iteration 6000, dt = 0.000137251
INFO|2019-09-28 03:55:39,591|pysph.solver.solver|Writing output at time 0.742568, iteration 6100, dt = 0.00013649
INFO|2019-09-28 03:55:40,009|pysph.solver.solver|Writing output at time 0.756117, iteration 6200, dt = 0.000133597
INFO|2019-09-28 03:55:40,435|pysph.solver.solver|Writing output at time 0.769888, iteration 6300, dt = 0.000140872
INFO|2019-09-28 03:55:40,814|pysph.solver.solver|Writing output at time 0.783822, iteration 6400, dt = 0.000143052
INFO|2019-09-28 03:55:41,212|pysph.solver.solver|Writing output at time 0.798015, iteration 6500, dt = 0.000139746
INFO|2019-09-28 03:55:41,595|pysph.solver.solver|Writing output at time 0.812347, iteration 6600, dt = 0.000145417
INFO|2019-09-28 03:55:42,100|pysph.solver.solver|Writing output at time 0.826668, iteration 6700, dt = 0.000141425
INFO|2019-09-28 03:55:42,610|pysph.solver.solver|Writing output at time 0.841146, iteration 6800, dt = 0.000145294
INFO|2019-09-28 03:55:42,992|pysph.solver.solver|Writing output at time 0.855795, iteration 6900, dt = 0.000147962
INFO|2019-09-28 03:55:43,383|pysph.solver.solver|Writing output at time 0.870478, iteration 7000, dt = 0.000147047
INFO|2019-09-28 03:55:43,765|pysph.solver.solver|Writing output at time 0.885166, iteration 7100, dt = 0.000146647
INFO|2019-09-28 03:55:44,135|pysph.solver.solver|Writing output at time 0.8997, iteration 7200, dt = 0.000145481
INFO|2019-09-28 03:55:44,571|pysph.solver.solver|Writing output at time 0.913797, iteration 7300, dt = 0.0001294
INFO|2019-09-28 03:55:45,007|pysph.solver.solver|Writing output at time 0.925856, iteration 7400, dt = 0.000143233
INFO|2019-09-28 03:55:45,577|pysph.solver.solver|Writing output at time 0.939622, iteration 7500, dt = 0.000125156
INFO|2019-09-28 03:55:46,020|pysph.solver.solver|Writing output at time 0.953237, iteration 7600, dt = 0.00014474
INFO|2019-09-28 03:55:46,515|pysph.solver.solver|Writing output at time 0.967682, iteration 7700, dt = 0.000133584
INFO|2019-09-28 03:55:46,962|pysph.solver.solver|Writing output at time 0.981199, iteration 7800, dt = 0.00013667
INFO|2019-09-28 03:55:47,438|pysph.solver.solver|Writing output at time 0.992581, iteration 7900, dt = 9.39859e-05
INFO|2019-09-28 03:55:47,815|pysph.solver.solver|Writing output at time 1, iteration 7966, dt = 8.20255e-05
INFO|2019-09-28 03:55:47,964|pysph.solver.application|Run took: 33.64010 secs
